<?xml version="1.0" encoding="UTF-8"?>
<testsuite name="com.backend.gamesjar.facade.WeatherControllerFacadeTest" tests="1" skipped="0" failures="0" errors="0" timestamp="2020-05-01T11:19:05" hostname="KOCOPOU" time="0.033">
  <properties/>
  <testcase name="getWeather" classname="com.backend.gamesjar.facade.WeatherControllerFacadeTest" time="0.033"/>
  <system-out><![CDATA[]]></system-out>
  <system-err><![CDATA[]]></system-err>
</testsuite>
