<?xml version="1.0" encoding="UTF-8"?>
<testsuite name="com.backend.gamesjar.mapper.UserMapperTest" tests="3" skipped="0" failures="0" errors="0" timestamp="2020-05-01T11:19:05" hostname="KOCOPOU" time="0.003">
  <properties/>
  <testcase name="mapToUserDto" classname="com.backend.gamesjar.mapper.UserMapperTest" time="0.001"/>
  <testcase name="mapToUser" classname="com.backend.gamesjar.mapper.UserMapperTest" time="0.0"/>
  <testcase name="mapToUserDtoList" classname="com.backend.gamesjar.mapper.UserMapperTest" time="0.001"/>
  <system-out><![CDATA[]]></system-out>
  <system-err><![CDATA[]]></system-err>
</testsuite>
