<?xml version="1.0" encoding="UTF-8"?>
<testsuite name="com.backend.gamesjar.communicator.service.HistoryServiceTest" tests="4" skipped="0" failures="0" errors="0" timestamp="2020-05-01T11:19:00" hostname="KOCOPOU" time="0.007">
  <properties/>
  <testcase name="addHistory" classname="com.backend.gamesjar.communicator.service.HistoryServiceTest" time="0.003"/>
  <testcase name="createHistory" classname="com.backend.gamesjar.communicator.service.HistoryServiceTest" time="0.001"/>
  <testcase name="getAllHistories" classname="com.backend.gamesjar.communicator.service.HistoryServiceTest" time="0.002"/>
  <testcase name="getHistory" classname="com.backend.gamesjar.communicator.service.HistoryServiceTest" time="0.001"/>
  <system-out><![CDATA[]]></system-out>
  <system-err><![CDATA[]]></system-err>
</testsuite>
