<?xml version="1.0" encoding="UTF-8"?>
<testsuite name="com.backend.gamesjar.communicator.service.DialogServiceTest" tests="1" skipped="0" failures="0" errors="0" timestamp="2020-05-01T11:19:00" hostname="KOCOPOU" time="0.089">
  <properties/>
  <testcase name="sentMessage" classname="com.backend.gamesjar.communicator.service.DialogServiceTest" time="0.089"/>
  <system-out><![CDATA[]]></system-out>
  <system-err><![CDATA[]]></system-err>
</testsuite>
