<?xml version="1.0" encoding="UTF-8"?>
<testsuite name="com.backend.gamesjar.client.GoogleSearchTest" tests="1" skipped="0" failures="0" errors="0" timestamp="2020-05-01T11:18:54" hostname="KOCOPOU" time="0.003">
  <properties/>
  <testcase name="getUrl" classname="com.backend.gamesjar.client.GoogleSearchTest" time="0.003"/>
  <system-out><![CDATA[]]></system-out>
  <system-err><![CDATA[]]></system-err>
</testsuite>
