<?xml version="1.0" encoding="UTF-8"?>
<testsuite name="com.backend.gamesjar.controller.RoomControllerTest" tests="5" skipped="0" failures="0" errors="0" timestamp="2020-05-01T11:19:02" hostname="KOCOPOU" time="0.078">
  <properties/>
  <testcase name="updateRoom" classname="com.backend.gamesjar.controller.RoomControllerTest" time="0.018"/>
  <testcase name="getRoom" classname="com.backend.gamesjar.controller.RoomControllerTest" time="0.009"/>
  <testcase name="RoomsList" classname="com.backend.gamesjar.controller.RoomControllerTest" time="0.009"/>
  <testcase name="createRoom" classname="com.backend.gamesjar.controller.RoomControllerTest" time="0.02"/>
  <testcase name="deleteRoom" classname="com.backend.gamesjar.controller.RoomControllerTest" time="0.008"/>
  <system-out><![CDATA[2020-05-01 13:19:01.890  INFO 134672 --- [    Test worker] .b.t.a.w.s.WebMvcTestContextBootstrapper : Neither @ContextConfiguration nor @ContextHierarchy found for test class [com.backend.gamesjar.controller.RoomControllerTest], using SpringBootContextLoader
2020-05-01 13:19:01.890  INFO 134672 --- [    Test worker] o.s.t.c.support.AbstractContextLoader    : Could not detect default resource locations for test class [com.backend.gamesjar.controller.RoomControllerTest]: no resource found for suffixes {-context.xml, Context.groovy}.
2020-05-01 13:19:01.890  INFO 134672 --- [    Test worker] t.c.s.AnnotationConfigContextLoaderUtils : Could not detect default configuration classes for test class [com.backend.gamesjar.controller.RoomControllerTest]: RoomControllerTest does not declare any static, non-private, non-final, nested classes annotated with @Configuration.
2020-05-01 13:19:01.890  INFO 134672 --- [    Test worker] .b.t.c.SpringBootTestContextBootstrapper : Found @SpringBootConfiguration com.backend.gamesjar.GamesJarApplication for test class com.backend.gamesjar.controller.RoomControllerTest
2020-05-01 13:19:01.890  INFO 134672 --- [    Test worker] .b.t.a.w.s.WebMvcTestContextBootstrapper : Loaded default TestExecutionListener class names from location [META-INF/spring.factories]: [org.springframework.boot.test.autoconfigure.restdocs.RestDocsTestExecutionListener, org.springframework.boot.test.autoconfigure.web.client.MockRestServiceServerResetTestExecutionListener, org.springframework.boot.test.autoconfigure.web.servlet.MockMvcPrintOnlyOnFailureTestExecutionListener, org.springframework.boot.test.autoconfigure.web.servlet.WebDriverTestExecutionListener, org.springframework.boot.test.mock.mockito.MockitoTestExecutionListener, org.springframework.boot.test.mock.mockito.ResetMocksTestExecutionListener, org.springframework.test.context.web.ServletTestExecutionListener, org.springframework.test.context.support.DirtiesContextBeforeModesTestExecutionListener, org.springframework.test.context.support.DependencyInjectionTestExecutionListener, org.springframework.test.context.support.DirtiesContextTestExecutionListener, org.springframework.test.context.transaction.TransactionalTestExecutionListener, org.springframework.test.context.jdbc.SqlScriptsTestExecutionListener, org.springframework.test.context.event.EventPublishingTestExecutionListener]
2020-05-01 13:19:01.905  INFO 134672 --- [    Test worker] .b.t.a.w.s.WebMvcTestContextBootstrapper : Using TestExecutionListeners: [org.springframework.test.context.web.ServletTestExecutionListener@3c61dfe5, org.springframework.test.context.support.DirtiesContextBeforeModesTestExecutionListener@2c994eb1, org.springframework.boot.test.mock.mockito.MockitoTestExecutionListener@26840b9f, org.springframework.boot.test.autoconfigure.SpringBootDependencyInjectionTestExecutionListener@30ac7dff, org.springframework.test.context.support.DirtiesContextTestExecutionListener@28012f8, org.springframework.test.context.transaction.TransactionalTestExecutionListener@640a28df, org.springframework.test.context.jdbc.SqlScriptsTestExecutionListener@62d41f32, org.springframework.test.context.event.EventPublishingTestExecutionListener@31c4c512, org.springframework.boot.test.autoconfigure.restdocs.RestDocsTestExecutionListener@33511600, org.springframework.boot.test.autoconfigure.web.client.MockRestServiceServerResetTestExecutionListener@6a88c65, org.springframework.boot.test.autoconfigure.web.servlet.MockMvcPrintOnlyOnFailureTestExecutionListener@44c73e0d, org.springframework.boot.test.autoconfigure.web.servlet.WebDriverTestExecutionListener@53bc9fd2, org.springframework.boot.test.mock.mockito.ResetMocksTestExecutionListener@68e662b3]

  .   ____          _            __ _ _
 /\\ / ___'_ __ _ _(_)_ __  __ _ \ \ \ \
( ( )\___ | '_ | '_| | '_ \/ _` | \ \ \ \
 \\/  ___)| |_)| | | | | || (_| |  ) ) ) )
  '  |____| .__|_| |_|_| |_\__, | / / / /
 =========|_|==============|___/=/_/_/_/
 :: Spring Boot ::        (v2.2.5.RELEASE)

2020-05-01 13:19:01.952  INFO 134672 --- [    Test worker] c.b.g.controller.RoomControllerTest      : Starting RoomControllerTest on KOCOPOU with PID 134672 (started by jkubi in E:\JAVA\IntelliJ IDEA 2019.2\Projects\gamesjar-backend\GamesJar-Backend)
2020-05-01 13:19:01.952  INFO 134672 --- [    Test worker] c.b.g.controller.RoomControllerTest      : No active profile set, falling back to default profiles: default
2020-05-01 13:19:02.579  INFO 134672 --- [    Test worker] o.s.s.concurrent.ThreadPoolTaskExecutor  : Initializing ExecutorService 'applicationTaskExecutor'
2020-05-01 13:19:02.750  INFO 134672 --- [    Test worker] o.s.b.t.m.w.SpringBootMockServletContext : Initializing Spring TestDispatcherServlet ''
2020-05-01 13:19:02.750  INFO 134672 --- [    Test worker] o.s.t.web.servlet.TestDispatcherServlet  : Initializing Servlet ''
2020-05-01 13:19:02.765  INFO 134672 --- [    Test worker] o.s.t.web.servlet.TestDispatcherServlet  : Completed initialization in 15 ms
2020-05-01 13:19:02.781  INFO 134672 --- [    Test worker] c.b.g.controller.RoomControllerTest      : Started RoomControllerTest in 0.876 seconds (JVM running for 9.45)
]]></system-out>
  <system-err><![CDATA[]]></system-err>
</testsuite>
