<?xml version="1.0" encoding="UTF-8"?>
<testsuite name="com.backend.gamesjar.communicator.mapper.HistoryMapperTest" tests="3" skipped="0" failures="0" errors="0" timestamp="2020-05-01T11:19:00" hostname="KOCOPOU" time="0.028">
  <properties/>
  <testcase name="mapToHistory" classname="com.backend.gamesjar.communicator.mapper.HistoryMapperTest" time="0.023"/>
  <testcase name="mapToHistoryDto" classname="com.backend.gamesjar.communicator.mapper.HistoryMapperTest" time="0.001"/>
  <testcase name="mapToHistoryDtoList" classname="com.backend.gamesjar.communicator.mapper.HistoryMapperTest" time="0.002"/>
  <system-out><![CDATA[]]></system-out>
  <system-err><![CDATA[]]></system-err>
</testsuite>
