<?xml version="1.0" encoding="UTF-8"?>
<testsuite name="com.backend.gamesjar.controller.GameControllerTest" tests="5" skipped="0" failures="0" errors="0" timestamp="2020-05-01T11:19:01" hostname="KOCOPOU" time="0.192">
  <properties/>
  <testcase name="updateGame" classname="com.backend.gamesjar.controller.GameControllerTest" time="0.113"/>
  <testcase name="getGame" classname="com.backend.gamesjar.controller.GameControllerTest" time="0.01"/>
  <testcase name="gamesList" classname="com.backend.gamesjar.controller.GameControllerTest" time="0.019"/>
  <testcase name="createGame" classname="com.backend.gamesjar.controller.GameControllerTest" time="0.033"/>
  <testcase name="deleteGame" classname="com.backend.gamesjar.controller.GameControllerTest" time="0.009"/>
  <system-out><![CDATA[2020-05-01 13:19:00.755  INFO 134672 --- [    Test worker] .b.t.a.w.s.WebMvcTestContextBootstrapper : Neither @ContextConfiguration nor @ContextHierarchy found for test class [com.backend.gamesjar.controller.GameControllerTest], using SpringBootContextLoader
2020-05-01 13:19:00.755  INFO 134672 --- [    Test worker] o.s.t.c.support.AbstractContextLoader    : Could not detect default resource locations for test class [com.backend.gamesjar.controller.GameControllerTest]: no resource found for suffixes {-context.xml, Context.groovy}.
2020-05-01 13:19:00.755  INFO 134672 --- [    Test worker] t.c.s.AnnotationConfigContextLoaderUtils : Could not detect default configuration classes for test class [com.backend.gamesjar.controller.GameControllerTest]: GameControllerTest does not declare any static, non-private, non-final, nested classes annotated with @Configuration.
2020-05-01 13:19:00.770  INFO 134672 --- [    Test worker] .b.t.c.SpringBootTestContextBootstrapper : Found @SpringBootConfiguration com.backend.gamesjar.GamesJarApplication for test class com.backend.gamesjar.controller.GameControllerTest
2020-05-01 13:19:00.770  INFO 134672 --- [    Test worker] .b.t.a.w.s.WebMvcTestContextBootstrapper : Loaded default TestExecutionListener class names from location [META-INF/spring.factories]: [org.springframework.boot.test.autoconfigure.restdocs.RestDocsTestExecutionListener, org.springframework.boot.test.autoconfigure.web.client.MockRestServiceServerResetTestExecutionListener, org.springframework.boot.test.autoconfigure.web.servlet.MockMvcPrintOnlyOnFailureTestExecutionListener, org.springframework.boot.test.autoconfigure.web.servlet.WebDriverTestExecutionListener, org.springframework.boot.test.mock.mockito.MockitoTestExecutionListener, org.springframework.boot.test.mock.mockito.ResetMocksTestExecutionListener, org.springframework.test.context.web.ServletTestExecutionListener, org.springframework.test.context.support.DirtiesContextBeforeModesTestExecutionListener, org.springframework.test.context.support.DependencyInjectionTestExecutionListener, org.springframework.test.context.support.DirtiesContextTestExecutionListener, org.springframework.test.context.transaction.TransactionalTestExecutionListener, org.springframework.test.context.jdbc.SqlScriptsTestExecutionListener, org.springframework.test.context.event.EventPublishingTestExecutionListener]
2020-05-01 13:19:00.770  INFO 134672 --- [    Test worker] .b.t.a.w.s.WebMvcTestContextBootstrapper : Using TestExecutionListeners: [org.springframework.test.context.web.ServletTestExecutionListener@6ea46ec3, org.springframework.test.context.support.DirtiesContextBeforeModesTestExecutionListener@43e2b028, org.springframework.boot.test.mock.mockito.MockitoTestExecutionListener@1dcfbf1e, org.springframework.boot.test.autoconfigure.SpringBootDependencyInjectionTestExecutionListener@4915d693, org.springframework.test.context.support.DirtiesContextTestExecutionListener@48a6b04, org.springframework.test.context.transaction.TransactionalTestExecutionListener@52bfe84d, org.springframework.test.context.jdbc.SqlScriptsTestExecutionListener@32e88a4b, org.springframework.test.context.event.EventPublishingTestExecutionListener@552e73cb, org.springframework.boot.test.autoconfigure.restdocs.RestDocsTestExecutionListener@22bf021, org.springframework.boot.test.autoconfigure.web.client.MockRestServiceServerResetTestExecutionListener@2ffb8da9, org.springframework.boot.test.autoconfigure.web.servlet.MockMvcPrintOnlyOnFailureTestExecutionListener@59b7e0cf, org.springframework.boot.test.autoconfigure.web.servlet.WebDriverTestExecutionListener@7fa16019, org.springframework.boot.test.mock.mockito.ResetMocksTestExecutionListener@22563d34]

  .   ____          _            __ _ _
 /\\ / ___'_ __ _ _(_)_ __  __ _ \ \ \ \
( ( )\___ | '_ | '_| | '_ \/ _` | \ \ \ \
 \\/  ___)| |_)| | | | | || (_| |  ) ) ) )
  '  |____| .__|_| |_|_| |_\__, | / / / /
 =========|_|==============|___/=/_/_/_/
 :: Spring Boot ::        (v2.2.5.RELEASE)

2020-05-01 13:19:00.817  INFO 134672 --- [    Test worker] c.b.g.controller.GameControllerTest      : Starting GameControllerTest on KOCOPOU with PID 134672 (started by jkubi in E:\JAVA\IntelliJ IDEA 2019.2\Projects\gamesjar-backend\GamesJar-Backend)
2020-05-01 13:19:00.833  INFO 134672 --- [    Test worker] c.b.g.controller.GameControllerTest      : No active profile set, falling back to default profiles: default
2020-05-01 13:19:01.443  INFO 134672 --- [    Test worker] o.s.s.concurrent.ThreadPoolTaskExecutor  : Initializing ExecutorService 'applicationTaskExecutor'
2020-05-01 13:19:01.649  INFO 134672 --- [    Test worker] o.s.b.t.m.w.SpringBootMockServletContext : Initializing Spring TestDispatcherServlet ''
2020-05-01 13:19:01.649  INFO 134672 --- [    Test worker] o.s.t.web.servlet.TestDispatcherServlet  : Initializing Servlet ''
2020-05-01 13:19:01.664  INFO 134672 --- [    Test worker] o.s.t.web.servlet.TestDispatcherServlet  : Completed initialization in 15 ms
2020-05-01 13:19:01.691  INFO 134672 --- [    Test worker] c.b.g.controller.GameControllerTest      : Started GameControllerTest in 0.9 seconds (JVM running for 8.353)
]]></system-out>
  <system-err><![CDATA[]]></system-err>
</testsuite>
