<?xml version="1.0" encoding="UTF-8"?>
<testsuite name="com.backend.gamesjar.facade.RoomControllerFacadeTest" tests="4" skipped="0" failures="0" errors="0" timestamp="2020-05-01T11:19:05" hostname="KOCOPOU" time="0.053">
  <properties/>
  <testcase name="roomsList" classname="com.backend.gamesjar.facade.RoomControllerFacadeTest" time="0.049"/>
  <testcase name="updateRoom" classname="com.backend.gamesjar.facade.RoomControllerFacadeTest" time="0.001"/>
  <testcase name="getRoom" classname="com.backend.gamesjar.facade.RoomControllerFacadeTest" time="0.001"/>
  <testcase name="createRoom" classname="com.backend.gamesjar.facade.RoomControllerFacadeTest" time="0.001"/>
  <system-out><![CDATA[]]></system-out>
  <system-err><![CDATA[]]></system-err>
</testsuite>
