<?xml version="1.0" encoding="UTF-8"?>
<testsuite name="com.backend.gamesjar.facade.UserControllerFacadeTest" tests="4" skipped="0" failures="0" errors="0" timestamp="2020-05-01T11:19:05" hostname="KOCOPOU" time="0.04">
  <properties/>
  <testcase name="updateUser" classname="com.backend.gamesjar.facade.UserControllerFacadeTest" time="0.035"/>
  <testcase name="userList" classname="com.backend.gamesjar.facade.UserControllerFacadeTest" time="0.002"/>
  <testcase name="getUser" classname="com.backend.gamesjar.facade.UserControllerFacadeTest" time="0.002"/>
  <testcase name="createUser" classname="com.backend.gamesjar.facade.UserControllerFacadeTest" time="0.001"/>
  <system-out><![CDATA[]]></system-out>
  <system-err><![CDATA[]]></system-err>
</testsuite>
