<?xml version="1.0" encoding="UTF-8"?>
<testsuite name="com.backend.gamesjar.controller.UserControllerTest" tests="5" skipped="0" failures="0" errors="0" timestamp="2020-05-01T11:19:03" hostname="KOCOPOU" time="0.08">
  <properties/>
  <testcase name="updateUser" classname="com.backend.gamesjar.controller.UserControllerTest" time="0.016"/>
  <testcase name="userList" classname="com.backend.gamesjar.controller.UserControllerTest" time="0.007"/>
  <testcase name="getUser" classname="com.backend.gamesjar.controller.UserControllerTest" time="0.018"/>
  <testcase name="createUser" classname="com.backend.gamesjar.controller.UserControllerTest" time="0.017"/>
  <testcase name="deleteUser" classname="com.backend.gamesjar.controller.UserControllerTest" time="0.015"/>
  <system-out><![CDATA[2020-05-01 13:19:02.874  INFO 134672 --- [    Test worker] .b.t.a.w.s.WebMvcTestContextBootstrapper : Neither @ContextConfiguration nor @ContextHierarchy found for test class [com.backend.gamesjar.controller.UserControllerTest], using SpringBootContextLoader
2020-05-01 13:19:02.874  INFO 134672 --- [    Test worker] o.s.t.c.support.AbstractContextLoader    : Could not detect default resource locations for test class [com.backend.gamesjar.controller.UserControllerTest]: no resource found for suffixes {-context.xml, Context.groovy}.
2020-05-01 13:19:02.874  INFO 134672 --- [    Test worker] t.c.s.AnnotationConfigContextLoaderUtils : Could not detect default configuration classes for test class [com.backend.gamesjar.controller.UserControllerTest]: UserControllerTest does not declare any static, non-private, non-final, nested classes annotated with @Configuration.
2020-05-01 13:19:02.890  INFO 134672 --- [    Test worker] .b.t.c.SpringBootTestContextBootstrapper : Found @SpringBootConfiguration com.backend.gamesjar.GamesJarApplication for test class com.backend.gamesjar.controller.UserControllerTest
2020-05-01 13:19:02.890  INFO 134672 --- [    Test worker] .b.t.a.w.s.WebMvcTestContextBootstrapper : Loaded default TestExecutionListener class names from location [META-INF/spring.factories]: [org.springframework.boot.test.autoconfigure.restdocs.RestDocsTestExecutionListener, org.springframework.boot.test.autoconfigure.web.client.MockRestServiceServerResetTestExecutionListener, org.springframework.boot.test.autoconfigure.web.servlet.MockMvcPrintOnlyOnFailureTestExecutionListener, org.springframework.boot.test.autoconfigure.web.servlet.WebDriverTestExecutionListener, org.springframework.boot.test.mock.mockito.MockitoTestExecutionListener, org.springframework.boot.test.mock.mockito.ResetMocksTestExecutionListener, org.springframework.test.context.web.ServletTestExecutionListener, org.springframework.test.context.support.DirtiesContextBeforeModesTestExecutionListener, org.springframework.test.context.support.DependencyInjectionTestExecutionListener, org.springframework.test.context.support.DirtiesContextTestExecutionListener, org.springframework.test.context.transaction.TransactionalTestExecutionListener, org.springframework.test.context.jdbc.SqlScriptsTestExecutionListener, org.springframework.test.context.event.EventPublishingTestExecutionListener]
2020-05-01 13:19:02.890  INFO 134672 --- [    Test worker] .b.t.a.w.s.WebMvcTestContextBootstrapper : Using TestExecutionListeners: [org.springframework.test.context.web.ServletTestExecutionListener@17fe2f15, org.springframework.test.context.support.DirtiesContextBeforeModesTestExecutionListener@40815b46, org.springframework.boot.test.mock.mockito.MockitoTestExecutionListener@7409e96d, org.springframework.boot.test.autoconfigure.SpringBootDependencyInjectionTestExecutionListener@3afdecb2, org.springframework.test.context.support.DirtiesContextTestExecutionListener@5c9dfa7f, org.springframework.test.context.transaction.TransactionalTestExecutionListener@160cc1c1, org.springframework.test.context.jdbc.SqlScriptsTestExecutionListener@2df510ec, org.springframework.test.context.event.EventPublishingTestExecutionListener@7838f19c, org.springframework.boot.test.autoconfigure.restdocs.RestDocsTestExecutionListener@4bc5b2e6, org.springframework.boot.test.autoconfigure.web.client.MockRestServiceServerResetTestExecutionListener@3b376096, org.springframework.boot.test.autoconfigure.web.servlet.MockMvcPrintOnlyOnFailureTestExecutionListener@3ec0656c, org.springframework.boot.test.autoconfigure.web.servlet.WebDriverTestExecutionListener@1cbd739, org.springframework.boot.test.mock.mockito.ResetMocksTestExecutionListener@677f0764]

  .   ____          _            __ _ _
 /\\ / ___'_ __ _ _(_)_ __  __ _ \ \ \ \
( ( )\___ | '_ | '_| | '_ \/ _` | \ \ \ \
 \\/  ___)| |_)| | | | | || (_| |  ) ) ) )
  '  |____| .__|_| |_|_| |_\__, | / / / /
 =========|_|==============|___/=/_/_/_/
 :: Spring Boot ::        (v2.2.5.RELEASE)

2020-05-01 13:19:02.937  INFO 134672 --- [    Test worker] c.b.g.controller.UserControllerTest      : Starting UserControllerTest on KOCOPOU with PID 134672 (started by jkubi in E:\JAVA\IntelliJ IDEA 2019.2\Projects\gamesjar-backend\GamesJar-Backend)
2020-05-01 13:19:02.937  INFO 134672 --- [    Test worker] c.b.g.controller.UserControllerTest      : No active profile set, falling back to default profiles: default
2020-05-01 13:19:03.630  INFO 134672 --- [    Test worker] o.s.s.concurrent.ThreadPoolTaskExecutor  : Initializing ExecutorService 'applicationTaskExecutor'
2020-05-01 13:19:03.873  INFO 134672 --- [    Test worker] o.s.b.t.m.w.SpringBootMockServletContext : Initializing Spring TestDispatcherServlet ''
2020-05-01 13:19:03.874  INFO 134672 --- [    Test worker] o.s.t.web.servlet.TestDispatcherServlet  : Initializing Servlet ''
2020-05-01 13:19:03.893  INFO 134672 --- [    Test worker] o.s.t.web.servlet.TestDispatcherServlet  : Completed initialization in 19 ms
2020-05-01 13:19:03.915  INFO 134672 --- [    Test worker] c.b.g.controller.UserControllerTest      : Started UserControllerTest in 1.015 seconds (JVM running for 10.578)
]]></system-out>
  <system-err><![CDATA[]]></system-err>
</testsuite>
