<?xml version="1.0" encoding="UTF-8"?>
<testsuite name="com.backend.gamesjar.facade.GameControllerFacadeTest" tests="4" skipped="0" failures="0" errors="0" timestamp="2020-05-01T11:19:04" hostname="KOCOPOU" time="0.131">
  <properties/>
  <testcase name="updateGame" classname="com.backend.gamesjar.facade.GameControllerFacadeTest" time="0.126"/>
  <testcase name="getGame" classname="com.backend.gamesjar.facade.GameControllerFacadeTest" time="0.001"/>
  <testcase name="gamesList" classname="com.backend.gamesjar.facade.GameControllerFacadeTest" time="0.001"/>
  <testcase name="createGame" classname="com.backend.gamesjar.facade.GameControllerFacadeTest" time="0.002"/>
  <system-out><![CDATA[]]></system-out>
  <system-err><![CDATA[]]></system-err>
</testsuite>
