<?xml version="1.0" encoding="UTF-8"?>
<testsuite name="com.backend.gamesjar.domain.UserTest" tests="2" skipped="0" failures="0" errors="0" timestamp="2020-05-01T11:19:04" hostname="KOCOPOU" time="0.0">
  <properties/>
  <testcase name="observerNotifyTest" classname="com.backend.gamesjar.domain.UserTest" time="0.0"/>
  <testcase name="createUserTest" classname="com.backend.gamesjar.domain.UserTest" time="0.0"/>
  <system-out><![CDATA[]]></system-out>
  <system-err><![CDATA[]]></system-err>
</testsuite>
