<?xml version="1.0" encoding="UTF-8"?>
<testsuite name="com.backend.gamesjar.controller.WeatherControllerTest" tests="1" skipped="0" failures="0" errors="0" timestamp="2020-05-01T11:19:04" hostname="KOCOPOU" time="0.011">
  <properties/>
  <testcase name="getWeather" classname="com.backend.gamesjar.controller.WeatherControllerTest" time="0.011"/>
  <system-out><![CDATA[2020-05-01 13:19:04.011  INFO 134672 --- [    Test worker] .b.t.a.w.s.WebMvcTestContextBootstrapper : Neither @ContextConfiguration nor @ContextHierarchy found for test class [com.backend.gamesjar.controller.WeatherControllerTest], using SpringBootContextLoader
2020-05-01 13:19:04.012  INFO 134672 --- [    Test worker] o.s.t.c.support.AbstractContextLoader    : Could not detect default resource locations for test class [com.backend.gamesjar.controller.WeatherControllerTest]: no resource found for suffixes {-context.xml, Context.groovy}.
2020-05-01 13:19:04.013  INFO 134672 --- [    Test worker] t.c.s.AnnotationConfigContextLoaderUtils : Could not detect default configuration classes for test class [com.backend.gamesjar.controller.WeatherControllerTest]: WeatherControllerTest does not declare any static, non-private, non-final, nested classes annotated with @Configuration.
2020-05-01 13:19:04.017  INFO 134672 --- [    Test worker] .b.t.c.SpringBootTestContextBootstrapper : Found @SpringBootConfiguration com.backend.gamesjar.GamesJarApplication for test class com.backend.gamesjar.controller.WeatherControllerTest
2020-05-01 13:19:04.018  INFO 134672 --- [    Test worker] .b.t.a.w.s.WebMvcTestContextBootstrapper : Loaded default TestExecutionListener class names from location [META-INF/spring.factories]: [org.springframework.boot.test.autoconfigure.restdocs.RestDocsTestExecutionListener, org.springframework.boot.test.autoconfigure.web.client.MockRestServiceServerResetTestExecutionListener, org.springframework.boot.test.autoconfigure.web.servlet.MockMvcPrintOnlyOnFailureTestExecutionListener, org.springframework.boot.test.autoconfigure.web.servlet.WebDriverTestExecutionListener, org.springframework.boot.test.mock.mockito.MockitoTestExecutionListener, org.springframework.boot.test.mock.mockito.ResetMocksTestExecutionListener, org.springframework.test.context.web.ServletTestExecutionListener, org.springframework.test.context.support.DirtiesContextBeforeModesTestExecutionListener, org.springframework.test.context.support.DependencyInjectionTestExecutionListener, org.springframework.test.context.support.DirtiesContextTestExecutionListener, org.springframework.test.context.transaction.TransactionalTestExecutionListener, org.springframework.test.context.jdbc.SqlScriptsTestExecutionListener, org.springframework.test.context.event.EventPublishingTestExecutionListener]
2020-05-01 13:19:04.018  INFO 134672 --- [    Test worker] .b.t.a.w.s.WebMvcTestContextBootstrapper : Using TestExecutionListeners: [org.springframework.test.context.web.ServletTestExecutionListener@630c5c34, org.springframework.test.context.support.DirtiesContextBeforeModesTestExecutionListener@472a8e27, org.springframework.boot.test.mock.mockito.MockitoTestExecutionListener@35e5c1cf, org.springframework.boot.test.autoconfigure.SpringBootDependencyInjectionTestExecutionListener@2078faeb, org.springframework.test.context.support.DirtiesContextTestExecutionListener@2114ef2c, org.springframework.test.context.transaction.TransactionalTestExecutionListener@32dc169f, org.springframework.test.context.jdbc.SqlScriptsTestExecutionListener@292c42b2, org.springframework.test.context.event.EventPublishingTestExecutionListener@4e644ade, org.springframework.boot.test.autoconfigure.restdocs.RestDocsTestExecutionListener@480fb1b1, org.springframework.boot.test.autoconfigure.web.client.MockRestServiceServerResetTestExecutionListener@1ab52ec1, org.springframework.boot.test.autoconfigure.web.servlet.MockMvcPrintOnlyOnFailureTestExecutionListener@51c7c6f7, org.springframework.boot.test.autoconfigure.web.servlet.WebDriverTestExecutionListener@3d1944ab, org.springframework.boot.test.mock.mockito.ResetMocksTestExecutionListener@82ee880]

  .   ____          _            __ _ _
 /\\ / ___'_ __ _ _(_)_ __  __ _ \ \ \ \
( ( )\___ | '_ | '_| | '_ \/ _` | \ \ \ \
 \\/  ___)| |_)| | | | | || (_| |  ) ) ) )
  '  |____| .__|_| |_|_| |_\__, | / / / /
 =========|_|==============|___/=/_/_/_/
 :: Spring Boot ::        (v2.2.5.RELEASE)

2020-05-01 13:19:04.079  INFO 134672 --- [    Test worker] c.b.g.controller.WeatherControllerTest   : Starting WeatherControllerTest on KOCOPOU with PID 134672 (started by jkubi in E:\JAVA\IntelliJ IDEA 2019.2\Projects\gamesjar-backend\GamesJar-Backend)
2020-05-01 13:19:04.080  INFO 134672 --- [    Test worker] c.b.g.controller.WeatherControllerTest   : No active profile set, falling back to default profiles: default
2020-05-01 13:19:04.772  INFO 134672 --- [    Test worker] o.s.s.concurrent.ThreadPoolTaskExecutor  : Initializing ExecutorService 'applicationTaskExecutor'
2020-05-01 13:19:04.940  INFO 134672 --- [    Test worker] o.s.b.t.m.w.SpringBootMockServletContext : Initializing Spring TestDispatcherServlet ''
2020-05-01 13:19:04.941  INFO 134672 --- [    Test worker] o.s.t.web.servlet.TestDispatcherServlet  : Initializing Servlet ''
2020-05-01 13:19:04.951  INFO 134672 --- [    Test worker] o.s.t.web.servlet.TestDispatcherServlet  : Completed initialization in 9 ms
2020-05-01 13:19:04.964  INFO 134672 --- [    Test worker] c.b.g.controller.WeatherControllerTest   : Started WeatherControllerTest in 0.933 seconds (JVM running for 11.626)
]]></system-out>
  <system-err><![CDATA[]]></system-err>
</testsuite>
