<?xml version="1.0" encoding="UTF-8"?>
<testsuite name="com.backend.gamesjar.mapper.RoomMapperTest" tests="3" skipped="0" failures="0" errors="0" timestamp="2020-05-01T11:19:05" hostname="KOCOPOU" time="0.024">
  <properties/>
  <testcase name="mapToRoomDto" classname="com.backend.gamesjar.mapper.RoomMapperTest" time="0.008"/>
  <testcase name="mapToRoom" classname="com.backend.gamesjar.mapper.RoomMapperTest" time="0.013"/>
  <testcase name="mapToRoomDtoList" classname="com.backend.gamesjar.mapper.RoomMapperTest" time="0.002"/>
  <system-out><![CDATA[]]></system-out>
  <system-err><![CDATA[]]></system-err>
</testsuite>
