<?xml version="1.0" encoding="UTF-8"?>
<testsuite name="com.backend.gamesjar.mapper.GameMapperTest" tests="3" skipped="0" failures="0" errors="0" timestamp="2020-05-01T11:19:05" hostname="KOCOPOU" time="0.002">
  <properties/>
  <testcase name="mapToGameDto" classname="com.backend.gamesjar.mapper.GameMapperTest" time="0.001"/>
  <testcase name="mapToGame" classname="com.backend.gamesjar.mapper.GameMapperTest" time="0.0"/>
  <testcase name="mapToGameDtoList" classname="com.backend.gamesjar.mapper.GameMapperTest" time="0.001"/>
  <system-out><![CDATA[]]></system-out>
  <system-err><![CDATA[]]></system-err>
</testsuite>
