<?xml version="1.0" encoding="UTF-8"?>
<testsuite name="com.backend.gamesjar.communicator.controller.ConnectionControllerTest" tests="1" skipped="0" failures="0" errors="0" timestamp="2020-05-01T11:19:00" hostname="KOCOPOU" time="0.257">
  <properties/>
  <testcase name="getHistory" classname="com.backend.gamesjar.communicator.controller.ConnectionControllerTest" time="0.257"/>
  <system-out><![CDATA[13:18:54.716 [Test worker] DEBUG org.springframework.test.context.junit4.SpringJUnit4ClassRunner - SpringJUnit4ClassRunner constructor called with [class com.backend.gamesjar.communicator.controller.ConnectionControllerTest]
13:18:54.731 [Test worker] DEBUG org.springframework.test.context.BootstrapUtils - Instantiating CacheAwareContextLoaderDelegate from class [org.springframework.test.context.cache.DefaultCacheAwareContextLoaderDelegate]
13:18:54.747 [Test worker] DEBUG org.springframework.test.context.BootstrapUtils - Instantiating BootstrapContext using constructor [public org.springframework.test.context.support.DefaultBootstrapContext(java.lang.Class,org.springframework.test.context.CacheAwareContextLoaderDelegate)]
13:18:54.841 [Test worker] DEBUG org.springframework.test.context.BootstrapUtils - Instantiating TestContextBootstrapper for test class [com.backend.gamesjar.communicator.controller.ConnectionControllerTest] from class [org.springframework.boot.test.autoconfigure.web.servlet.WebMvcTestContextBootstrapper]
13:18:54.872 [Test worker] INFO org.springframework.boot.test.autoconfigure.web.servlet.WebMvcTestContextBootstrapper - Neither @ContextConfiguration nor @ContextHierarchy found for test class [com.backend.gamesjar.communicator.controller.ConnectionControllerTest], using SpringBootContextLoader
13:18:54.888 [Test worker] DEBUG org.springframework.test.context.support.AbstractContextLoader - Did not detect default resource location for test class [com.backend.gamesjar.communicator.controller.ConnectionControllerTest]: class path resource [com/backend/gamesjar/communicator/controller/ConnectionControllerTest-context.xml] does not exist
13:18:54.888 [Test worker] DEBUG org.springframework.test.context.support.AbstractContextLoader - Did not detect default resource location for test class [com.backend.gamesjar.communicator.controller.ConnectionControllerTest]: class path resource [com/backend/gamesjar/communicator/controller/ConnectionControllerTestContext.groovy] does not exist
13:18:54.888 [Test worker] INFO org.springframework.test.context.support.AbstractContextLoader - Could not detect default resource locations for test class [com.backend.gamesjar.communicator.controller.ConnectionControllerTest]: no resource found for suffixes {-context.xml, Context.groovy}.
13:18:54.888 [Test worker] INFO org.springframework.test.context.support.AnnotationConfigContextLoaderUtils - Could not detect default configuration classes for test class [com.backend.gamesjar.communicator.controller.ConnectionControllerTest]: ConnectionControllerTest does not declare any static, non-private, non-final, nested classes annotated with @Configuration.
13:18:54.997 [Test worker] DEBUG org.springframework.test.context.support.ActiveProfilesUtils - Could not find an 'annotation declaring class' for annotation type [org.springframework.test.context.ActiveProfiles] and class [com.backend.gamesjar.communicator.controller.ConnectionControllerTest]
13:18:55.169 [Test worker] DEBUG org.springframework.context.annotation.ClassPathScanningCandidateComponentProvider - Identified candidate component class: file [E:\JAVA\IntelliJ IDEA 2019.2\Projects\gamesjar-backend\GamesJar-Backend\build\classes\java\main\com\backend\gamesjar\GamesJarApplication.class]
13:18:55.169 [Test worker] INFO org.springframework.boot.test.context.SpringBootTestContextBootstrapper - Found @SpringBootConfiguration com.backend.gamesjar.GamesJarApplication for test class com.backend.gamesjar.communicator.controller.ConnectionControllerTest
13:18:55.169 [Test worker] DEBUG org.springframework.boot.test.autoconfigure.web.servlet.WebMvcTestContextBootstrapper - @TestExecutionListeners is not present for class [com.backend.gamesjar.communicator.controller.ConnectionControllerTest]: using defaults.
13:18:55.184 [Test worker] INFO org.springframework.boot.test.autoconfigure.web.servlet.WebMvcTestContextBootstrapper - Loaded default TestExecutionListener class names from location [META-INF/spring.factories]: [org.springframework.boot.test.autoconfigure.restdocs.RestDocsTestExecutionListener, org.springframework.boot.test.autoconfigure.web.client.MockRestServiceServerResetTestExecutionListener, org.springframework.boot.test.autoconfigure.web.servlet.MockMvcPrintOnlyOnFailureTestExecutionListener, org.springframework.boot.test.autoconfigure.web.servlet.WebDriverTestExecutionListener, org.springframework.boot.test.mock.mockito.MockitoTestExecutionListener, org.springframework.boot.test.mock.mockito.ResetMocksTestExecutionListener, org.springframework.test.context.web.ServletTestExecutionListener, org.springframework.test.context.support.DirtiesContextBeforeModesTestExecutionListener, org.springframework.test.context.support.DependencyInjectionTestExecutionListener, org.springframework.test.context.support.DirtiesContextTestExecutionListener, org.springframework.test.context.transaction.TransactionalTestExecutionListener, org.springframework.test.context.jdbc.SqlScriptsTestExecutionListener, org.springframework.test.context.event.EventPublishingTestExecutionListener]
13:18:55.231 [Test worker] INFO org.springframework.boot.test.autoconfigure.web.servlet.WebMvcTestContextBootstrapper - Using TestExecutionListeners: [org.springframework.test.context.web.ServletTestExecutionListener@430343d6, org.springframework.test.context.support.DirtiesContextBeforeModesTestExecutionListener@565c40b3, org.springframework.boot.test.mock.mockito.MockitoTestExecutionListener@3ed801ce, org.springframework.boot.test.autoconfigure.SpringBootDependencyInjectionTestExecutionListener@31835ba5, org.springframework.test.context.support.DirtiesContextTestExecutionListener@68c7a3b0, org.springframework.test.context.transaction.TransactionalTestExecutionListener@5c2a3fc3, org.springframework.test.context.jdbc.SqlScriptsTestExecutionListener@228293f9, org.springframework.test.context.event.EventPublishingTestExecutionListener@977ba7f, org.springframework.boot.test.autoconfigure.restdocs.RestDocsTestExecutionListener@5c7852c2, org.springframework.boot.test.autoconfigure.web.client.MockRestServiceServerResetTestExecutionListener@51a1aaa9, org.springframework.boot.test.autoconfigure.web.servlet.MockMvcPrintOnlyOnFailureTestExecutionListener@678ae63f, org.springframework.boot.test.autoconfigure.web.servlet.WebDriverTestExecutionListener@531a0cf3, org.springframework.boot.test.mock.mockito.ResetMocksTestExecutionListener@4d6aaa10]
13:18:55.237 [Test worker] DEBUG org.springframework.test.annotation.ProfileValueUtils - Retrieved @ProfileValueSourceConfiguration [null] for test class [com.backend.gamesjar.communicator.controller.ConnectionControllerTest]
13:18:55.239 [Test worker] DEBUG org.springframework.test.annotation.ProfileValueUtils - Retrieved ProfileValueSource type [class org.springframework.test.annotation.SystemProfileValueSource] for class [com.backend.gamesjar.communicator.controller.ConnectionControllerTest]
13:18:55.240 [Test worker] DEBUG org.springframework.test.annotation.ProfileValueUtils - Retrieved @ProfileValueSourceConfiguration [null] for test class [com.backend.gamesjar.communicator.controller.ConnectionControllerTest]
13:18:55.241 [Test worker] DEBUG org.springframework.test.annotation.ProfileValueUtils - Retrieved ProfileValueSource type [class org.springframework.test.annotation.SystemProfileValueSource] for class [com.backend.gamesjar.communicator.controller.ConnectionControllerTest]
13:18:55.250 [Test worker] DEBUG org.springframework.test.context.support.AbstractDirtiesContextTestExecutionListener - Before test class: context [DefaultTestContext@1cc9756e testClass = ConnectionControllerTest, testInstance = [null], testMethod = [null], testException = [null], mergedContextConfiguration = [WebMergedContextConfiguration@450b432b testClass = ConnectionControllerTest, locations = '{}', classes = '{class com.backend.gamesjar.GamesJarApplication}', contextInitializerClasses = '[]', activeProfiles = '{}', propertySourceLocations = '{}', propertySourceProperties = '{org.springframework.boot.test.autoconfigure.web.servlet.WebMvcTestContextBootstrapper=true}', contextCustomizers = set[org.springframework.boot.test.autoconfigure.OverrideAutoConfigurationContextCustomizerFactory$DisableAutoConfigurationContextCustomizer@585f0cfc, org.springframework.boot.test.autoconfigure.filter.TypeExcludeFiltersContextCustomizer@574ccdae, org.springframework.boot.test.autoconfigure.properties.PropertyMappingContextCustomizer@e88e64ce, org.springframework.boot.test.autoconfigure.web.servlet.WebDriverContextCustomizerFactory$Customizer@764979c9, [ImportsContextCustomizer@7f6bf931 key = [org.springframework.boot.autoconfigure.cache.CacheAutoConfiguration, org.springframework.boot.autoconfigure.context.MessageSourceAutoConfiguration, org.springframework.boot.autoconfigure.data.web.SpringDataWebAutoConfiguration, org.springframework.boot.autoconfigure.freemarker.FreeMarkerAutoConfiguration, org.springframework.boot.autoconfigure.groovy.template.GroovyTemplateAutoConfiguration, org.springframework.boot.autoconfigure.gson.GsonAutoConfiguration, org.springframework.boot.autoconfigure.hateoas.HypermediaAutoConfiguration, org.springframework.boot.autoconfigure.http.HttpMessageConvertersAutoConfiguration, org.springframework.boot.autoconfigure.jackson.JacksonAutoConfiguration, org.springframework.boot.autoconfigure.jsonb.JsonbAutoConfiguration, org.springframework.boot.autoconfigure.mustache.MustacheAutoConfiguration, org.springframework.boot.autoconfigure.task.TaskExecutionAutoConfiguration, org.springframework.boot.autoconfigure.thymeleaf.ThymeleafAutoConfiguration, org.springframework.boot.autoconfigure.validation.ValidationAutoConfiguration, org.springframework.boot.autoconfigure.web.servlet.error.ErrorMvcAutoConfiguration, org.springframework.boot.autoconfigure.web.servlet.WebMvcAutoConfiguration, org.springframework.boot.test.autoconfigure.web.servlet.MockMvcAutoConfiguration, org.springframework.boot.test.autoconfigure.web.servlet.MockMvcWebClientAutoConfiguration, org.springframework.boot.test.autoconfigure.web.servlet.MockMvcWebDriverAutoConfiguration, org.springframework.boot.autoconfigure.security.servlet.SecurityAutoConfiguration, org.springframework.boot.autoconfigure.security.servlet.UserDetailsServiceAutoConfiguration, org.springframework.boot.test.autoconfigure.web.servlet.MockMvcSecurityConfiguration]], org.springframework.boot.test.context.filter.ExcludeFilterContextCustomizer@5f5f8468, org.springframework.boot.test.json.DuplicateJsonObjectContextCustomizerFactory$DuplicateJsonObjectContextCustomizer@43e29314, org.springframework.boot.test.mock.mockito.MockitoContextCustomizer@9ee5b40e], resourceBasePath = 'src/main/webapp', contextLoader = 'org.springframework.boot.test.context.SpringBootContextLoader', parent = [null]], attributes = map[[empty]]], class annotated with @DirtiesContext [false] with mode [null].
13:18:55.262 [Test worker] DEBUG org.springframework.test.annotation.ProfileValueUtils - Retrieved @ProfileValueSourceConfiguration [null] for test class [com.backend.gamesjar.communicator.controller.ConnectionControllerTest]
13:18:55.262 [Test worker] DEBUG org.springframework.test.annotation.ProfileValueUtils - Retrieved ProfileValueSource type [class org.springframework.test.annotation.SystemProfileValueSource] for class [com.backend.gamesjar.communicator.controller.ConnectionControllerTest]
13:18:55.495 [Test worker] DEBUG org.springframework.test.context.support.TestPropertySourceUtils - Adding inlined properties to environment: {spring.jmx.enabled=false, org.springframework.boot.test.autoconfigure.web.servlet.WebMvcTestContextBootstrapper=true, server.port=-1}

  .   ____          _            __ _ _
 /\\ / ___'_ __ _ _(_)_ __  __ _ \ \ \ \
( ( )\___ | '_ | '_| | '_ \/ _` | \ \ \ \
 \\/  ___)| |_)| | | | | || (_| |  ) ) ) )
  '  |____| .__|_| |_|_| |_\__, | / / / /
 =========|_|==============|___/=/_/_/_/
 :: Spring Boot ::        (v2.2.5.RELEASE)

2020-05-01 13:18:56.262  INFO 134672 --- [    Test worker] c.b.g.c.c.ConnectionControllerTest       : Starting ConnectionControllerTest on KOCOPOU with PID 134672 (started by jkubi in E:\JAVA\IntelliJ IDEA 2019.2\Projects\gamesjar-backend\GamesJar-Backend)
2020-05-01 13:18:56.278  INFO 134672 --- [    Test worker] c.b.g.c.c.ConnectionControllerTest       : No active profile set, falling back to default profiles: default
2020-05-01 13:18:59.763  INFO 134672 --- [    Test worker] o.s.s.concurrent.ThreadPoolTaskExecutor  : Initializing ExecutorService 'applicationTaskExecutor'
2020-05-01 13:19:00.255  INFO 134672 --- [    Test worker] o.s.b.t.m.w.SpringBootMockServletContext : Initializing Spring TestDispatcherServlet ''
2020-05-01 13:19:00.256  INFO 134672 --- [    Test worker] o.s.t.web.servlet.TestDispatcherServlet  : Initializing Servlet ''
2020-05-01 13:19:00.277  INFO 134672 --- [    Test worker] o.s.t.web.servlet.TestDispatcherServlet  : Completed initialization in 21 ms
2020-05-01 13:19:00.330  INFO 134672 --- [    Test worker] c.b.g.c.c.ConnectionControllerTest       : Started ConnectionControllerTest in 4.813 seconds (JVM running for 6.992)
]]></system-out>
  <system-err><![CDATA[]]></system-err>
</testsuite>
